Determining if the pthread_create exist failed with the following output:
Change Dir: /home/lgl/master/mechanical_arm/arm/build/CMakeFiles/CMakeTmp

Run Build Command:/usr/bin/make "cmTryCompileExec177188880/fast"
/usr/bin/make -f CMakeFiles/cmTryCompileExec177188880.dir/build.make CMakeFiles/cmTryCompileExec177188880.dir/build
make[1]: 正在进入目录 `/home/lgl/master/mechanical_arm/arm/build/CMakeFiles/CMakeTmp'
/usr/bin/cmake -E cmake_progress_report /home/lgl/master/mechanical_arm/arm/build/CMakeFiles/CMakeTmp/CMakeFiles 1
Building C object CMakeFiles/cmTryCompileExec177188880.dir/CheckSymbolExists.c.o
/usr/bin/cc    -o CMakeFiles/cmTryCompileExec177188880.dir/CheckSymbolExists.c.o   -c /home/lgl/master/mechanical_arm/arm/build/CMakeFiles/CMakeTmp/CheckSymbolExists.c
Linking C executable cmTryCompileExec177188880
/usr/bin/cmake -E cmake_link_script CMakeFiles/cmTryCompileExec177188880.dir/link.txt --verbose=1
/usr/bin/cc       CMakeFiles/cmTryCompileExec177188880.dir/CheckSymbolExists.c.o  -o cmTryCompileExec177188880 -rdynamic 
CMakeFiles/cmTryCompileExec177188880.dir/CheckSymbolExists.c.o：在函数‘main’中：
CheckSymbolExists.c:(.text+0x16)：对‘pthread_create’未定义的引用
collect2: error: ld returned 1 exit status
make[1]: *** [cmTryCompileExec177188880] 错误 1
make[1]:正在离开目录 `/home/lgl/master/mechanical_arm/arm/build/CMakeFiles/CMakeTmp'
make: *** [cmTryCompileExec177188880/fast] 错误 2

File /home/lgl/master/mechanical_arm/arm/build/CMakeFiles/CMakeTmp/CheckSymbolExists.c:
/* */
#include <pthread.h>

int main(int argc, char** argv)
{
  (void)argv;
#ifndef pthread_create
  return ((int*)(&pthread_create))[argc];
#else
  (void)argc;
  return 0;
#endif
}

Determining if the function pthread_create exists in the pthreads failed with the following output:
Change Dir: /home/lgl/master/mechanical_arm/arm/build/CMakeFiles/CMakeTmp

Run Build Command:/usr/bin/make "cmTryCompileExec3647049919/fast"
/usr/bin/make -f CMakeFiles/cmTryCompileExec3647049919.dir/build.make CMakeFiles/cmTryCompileExec3647049919.dir/build
make[1]: 正在进入目录 `/home/lgl/master/mechanical_arm/arm/build/CMakeFiles/CMakeTmp'
/usr/bin/cmake -E cmake_progress_report /home/lgl/master/mechanical_arm/arm/build/CMakeFiles/CMakeTmp/CMakeFiles 1
Building C object CMakeFiles/cmTryCompileExec3647049919.dir/CheckFunctionExists.c.o
/usr/bin/cc   -DCHECK_FUNCTION_EXISTS=pthread_create   -o CMakeFiles/cmTryCompileExec3647049919.dir/CheckFunctionExists.c.o   -c /usr/share/cmake-2.8/Modules/CheckFunctionExists.c
Linking C executable cmTryCompileExec3647049919
/usr/bin/cmake -E cmake_link_script CMakeFiles/cmTryCompileExec3647049919.dir/link.txt --verbose=1
/usr/bin/cc   -DCHECK_FUNCTION_EXISTS=pthread_create    CMakeFiles/cmTryCompileExec3647049919.dir/CheckFunctionExists.c.o  -o cmTryCompileExec3647049919 -rdynamic -lpthreads 
/usr/bin/ld: 找不到 -lpthreads
collect2: error: ld returned 1 exit status
make[1]: *** [cmTryCompileExec3647049919] 错误 1
make[1]:正在离开目录 `/home/lgl/master/mechanical_arm/arm/build/CMakeFiles/CMakeTmp'
make: *** [cmTryCompileExec3647049919/fast] 错误 2


Determining if the Q_WS_WIN exist failed with the following output:
Change Dir: /home/lgl/master/mechanical_arm/arm/build/CMakeFiles/CMakeTmp

Run Build Command:/usr/bin/make "cmTryCompileExec3642131480/fast"
/usr/bin/make -f CMakeFiles/cmTryCompileExec3642131480.dir/build.make CMakeFiles/cmTryCompileExec3642131480.dir/build
make[1]: 正在进入目录 `/home/lgl/master/mechanical_arm/arm/build/CMakeFiles/CMakeTmp'
/usr/bin/cmake -E cmake_progress_report /home/lgl/master/mechanical_arm/arm/build/CMakeFiles/CMakeTmp/CMakeFiles 1
Building CXX object CMakeFiles/cmTryCompileExec3642131480.dir/CheckSymbolExists.cxx.o
/usr/bin/c++    -I/usr/local/Trolltech/Qt-4.8.1/include    -o CMakeFiles/cmTryCompileExec3642131480.dir/CheckSymbolExists.cxx.o -c /home/lgl/master/mechanical_arm/arm/build/CMakeFiles/CMakeTmp/CheckSymbolExists.cxx
/home/lgl/master/mechanical_arm/arm/build/CMakeFiles/CMakeTmp/CheckSymbolExists.cxx: In function ‘int main(int, char**)’:
/home/lgl/master/mechanical_arm/arm/build/CMakeFiles/CMakeTmp/CheckSymbolExists.cxx:8:19: error: ‘Q_WS_WIN’ was not declared in this scope
   return ((int*)(&Q_WS_WIN))[argc];
                   ^
make[1]: *** [CMakeFiles/cmTryCompileExec3642131480.dir/CheckSymbolExists.cxx.o] 错误 1
make[1]:正在离开目录 `/home/lgl/master/mechanical_arm/arm/build/CMakeFiles/CMakeTmp'
make: *** [cmTryCompileExec3642131480/fast] 错误 2

File /home/lgl/master/mechanical_arm/arm/build/CMakeFiles/CMakeTmp/CheckSymbolExists.cxx:
/* */
#include <QtCore/qglobal.h>

int main(int argc, char** argv)
{
  (void)argv;
#ifndef Q_WS_WIN
  return ((int*)(&Q_WS_WIN))[argc];
#else
  (void)argc;
  return 0;
#endif
}

Determining if the Q_WS_QWS exist failed with the following output:
Change Dir: /home/lgl/master/mechanical_arm/arm/build/CMakeFiles/CMakeTmp

Run Build Command:/usr/bin/make "cmTryCompileExec3022042059/fast"
/usr/bin/make -f CMakeFiles/cmTryCompileExec3022042059.dir/build.make CMakeFiles/cmTryCompileExec3022042059.dir/build
make[1]: 正在进入目录 `/home/lgl/master/mechanical_arm/arm/build/CMakeFiles/CMakeTmp'
/usr/bin/cmake -E cmake_progress_report /home/lgl/master/mechanical_arm/arm/build/CMakeFiles/CMakeTmp/CMakeFiles 1
Building CXX object CMakeFiles/cmTryCompileExec3022042059.dir/CheckSymbolExists.cxx.o
/usr/bin/c++    -I/usr/local/Trolltech/Qt-4.8.1/include    -o CMakeFiles/cmTryCompileExec3022042059.dir/CheckSymbolExists.cxx.o -c /home/lgl/master/mechanical_arm/arm/build/CMakeFiles/CMakeTmp/CheckSymbolExists.cxx
/home/lgl/master/mechanical_arm/arm/build/CMakeFiles/CMakeTmp/CheckSymbolExists.cxx: In function ‘int main(int, char**)’:
/home/lgl/master/mechanical_arm/arm/build/CMakeFiles/CMakeTmp/CheckSymbolExists.cxx:8:19: error: ‘Q_WS_QWS’ was not declared in this scope
   return ((int*)(&Q_WS_QWS))[argc];
                   ^
make[1]: *** [CMakeFiles/cmTryCompileExec3022042059.dir/CheckSymbolExists.cxx.o] 错误 1
make[1]:正在离开目录 `/home/lgl/master/mechanical_arm/arm/build/CMakeFiles/CMakeTmp'
make: *** [cmTryCompileExec3022042059/fast] 错误 2

File /home/lgl/master/mechanical_arm/arm/build/CMakeFiles/CMakeTmp/CheckSymbolExists.cxx:
/* */
#include <QtCore/qglobal.h>

int main(int argc, char** argv)
{
  (void)argv;
#ifndef Q_WS_QWS
  return ((int*)(&Q_WS_QWS))[argc];
#else
  (void)argc;
  return 0;
#endif
}

Determining if the Q_WS_MAC exist failed with the following output:
Change Dir: /home/lgl/master/mechanical_arm/arm/build/CMakeFiles/CMakeTmp

Run Build Command:/usr/bin/make "cmTryCompileExec3518868166/fast"
/usr/bin/make -f CMakeFiles/cmTryCompileExec3518868166.dir/build.make CMakeFiles/cmTryCompileExec3518868166.dir/build
make[1]: 正在进入目录 `/home/lgl/master/mechanical_arm/arm/build/CMakeFiles/CMakeTmp'
/usr/bin/cmake -E cmake_progress_report /home/lgl/master/mechanical_arm/arm/build/CMakeFiles/CMakeTmp/CMakeFiles 1
Building CXX object CMakeFiles/cmTryCompileExec3518868166.dir/CheckSymbolExists.cxx.o
/usr/bin/c++    -I/usr/local/Trolltech/Qt-4.8.1/include    -o CMakeFiles/cmTryCompileExec3518868166.dir/CheckSymbolExists.cxx.o -c /home/lgl/master/mechanical_arm/arm/build/CMakeFiles/CMakeTmp/CheckSymbolExists.cxx
/home/lgl/master/mechanical_arm/arm/build/CMakeFiles/CMakeTmp/CheckSymbolExists.cxx: In function ‘int main(int, char**)’:
/home/lgl/master/mechanical_arm/arm/build/CMakeFiles/CMakeTmp/CheckSymbolExists.cxx:8:19: error: ‘Q_WS_MAC’ was not declared in this scope
   return ((int*)(&Q_WS_MAC))[argc];
                   ^
make[1]: *** [CMakeFiles/cmTryCompileExec3518868166.dir/CheckSymbolExists.cxx.o] 错误 1
make[1]:正在离开目录 `/home/lgl/master/mechanical_arm/arm/build/CMakeFiles/CMakeTmp'
make: *** [cmTryCompileExec3518868166/fast] 错误 2

File /home/lgl/master/mechanical_arm/arm/build/CMakeFiles/CMakeTmp/CheckSymbolExists.cxx:
/* */
#include <QtCore/qglobal.h>

int main(int argc, char** argv)
{
  (void)argv;
#ifndef Q_WS_MAC
  return ((int*)(&Q_WS_MAC))[argc];
#else
  (void)argc;
  return 0;
#endif
}

